<?xml version="1.0" encoding="UTF-8"?>
<!-- Generated by org.testng.reporters.JUnitXMLReporter -->
<testsuite hostname="yamunas-mbp" failures="0" tests="7" name="Surefire test" time="3.013" errors="0" timestamp="16 Jan 2022 16:36:35 GMT">
  <testcase classname="com.yamuna.crypto.service.CryptoServiceTest" name="addCoin" time="2.592"/>
  <testcase classname="com.yamuna.crypto.service.CryptoServiceTest" name="getAllCoins" time="0.071"/>
  <testcase classname="com.yamuna.crypto.service.CryptoServiceTest" name="testBuyCoin" time="0.081"/>
  <testcase classname="com.yamuna.crypto.service.CryptoServiceTest" name="testGetAllTransactions" time="0.032"/>
  <testcase classname="com.yamuna.crypto.service.CryptoServiceTest" name="testSellCoin" time="0.048"/>
  <testcase classname="com.yamuna.crypto.service.CryptoServiceTest" name="testUpdateCoinTransaction" time="0.115"/>
  <testcase classname="com.yamuna.crypto.service.CryptoServiceTest" name="updateCoin" time="0.05"/>
</testsuite> <!-- Surefire test -->
